# JRE version: OpenJDK Runtime Environment (17.0.6) (build 17.0.6+0-b2043.56-9586694)
# Java VM: OpenJDK 64-Bit Server VM (17.0.6+0-b2043.56-9586694, mixed mode, tiered, compressed oops, compressed class ptrs, g1 gc, windows-amd64)
GC Precious Log:
 CPUs: 8 total, 8 available
 Memory: 16225M
 Large Page Support: Disabled
 NUMA Support: Disabled
 Compressed Oops: Enabled (Zero based)
 Heap Region Size: 2M
 Heap Min Capacity: 8M
 Heap Initial Capacity: 254M
 Heap Max Capacity: 4G
 Pre-touch: Disabled
 Parallel Workers: 8
 Concurrent Workers: 2
 Concurrent Refinement Workers: 8
 Periodic GC: Disabled
Heap:
 garbage-first heap   total 684032K, used 326220K [0x0000000700000000, 0x0000000800000000)
  region size 2048K, 65 young (133120K), 1 survivors (2048K)
 Metaspace       used 112744K, committed 113920K, reserved 1155072K
  class space    used 15640K, committed 16128K, reserved 1048576K
GC Heap History (20 events):
Event: 23.471 GC heap before
{Heap before GC invocations=55 (full 0):
 garbage-first heap   total 212992K, used 167323K [0x0000000700000000, 0x0000000800000000)
  region size 2048K, 26 young (53248K), 3 survivors (6144K)
 Metaspace       used 102431K, committed 103296K, reserved 1138688K
  class space    used 14227K, committed 14656K, reserved 1048576K
}
Event: 23.477 GC heap after
{Heap after GC invocations=56 (full 0):
 garbage-first heap   total 212992K, used 131165K [0x0000000700000000, 0x0000000800000000)
  region size 2048K, 4 young (8192K), 4 survivors (8192K)
 Metaspace       used 102431K, committed 103296K, reserved 1138688K
  class space    used 14227K, committed 14656K, reserved 1048576K
}
Event: 24.099 GC heap before
{Heap before GC invocations=56 (full 0):
 garbage-first heap   total 212992K, used 172125K [0x0000000700000000, 0x0000000800000000)
  region size 2048K, 24 young (49152K), 4 survivors (8192K)
 Metaspace       used 102786K, committed 103680K, reserved 1138688K
  class space    used 14265K, committed 14656K, reserved 1048576K
}
Event: 24.106 GC heap after
{Heap after GC invocations=57 (full 0):
 garbage-first heap   total 212992K, used 136450K [0x0000000700000000, 0x0000000800000000)
  region size 2048K, 3 young (6144K), 3 survivors (6144K)
 Metaspace       used 102786K, committed 103680K, reserved 1138688K
  class space    used 14265K, committed 14656K, reserved 1048576K
}
Event: 24.504 GC heap before
{Heap before GC invocations=58 (full 0):
 garbage-first heap   total 245760K, used 169218K [0x0000000700000000, 0x0000000800000000)
  region size 2048K, 20 young (40960K), 3 survivors (6144K)
 Metaspace       used 103120K, committed 104000K, reserved 1146880K
  class space    used 14319K, committed 14720K, reserved 1048576K
}
Event: 24.510 GC heap after
{Heap after GC invocations=59 (full 0):
 garbage-first heap   total 245760K, used 149189K [0x0000000700000000, 0x0000000800000000)
  region size 2048K, 3 young (6144K), 3 survivors (6144K)
 Metaspace       used 103120K, committed 104000K, reserved 1146880K
  class space    used 14319K, committed 14720K, reserved 1048576K
}
Event: 24.539 GC heap before
{Heap before GC invocations=59 (full 0):
 garbage-first heap   total 245760K, used 153285K [0x0000000700000000, 0x0000000800000000)
  region size 2048K, 6 young (12288K), 3 survivors (6144K)
 Metaspace       used 103143K, committed 104064K, reserved 1146880K
  class space    used 14322K, committed 14720K, reserved 1048576K
}
Event: 24.544 GC heap after
{Heap after GC invocations=60 (full 0):
 garbage-first heap   total 294912K, used 149437K [0x0000000700000000, 0x0000000800000000)
  region size 2048K, 1 young (2048K), 1 survivors (2048K)
 Metaspace       used 103143K, committed 104064K, reserved 1146880K
  class space    used 14322K, committed 14720K, reserved 1048576K
}
Event: 25.122 GC heap before
{Heap before GC invocations=60 (full 0):
 garbage-first heap   total 294912K, used 219069K [0x0000000700000000, 0x0000000800000000)
  region size 2048K, 36 young (73728K), 1 survivors (2048K)
 Metaspace       used 103991K, committed 105024K, reserved 1146880K
  class space    used 14429K, committed 14848K, reserved 1048576K
}
Event: 25.131 GC heap after
{Heap after GC invocations=61 (full 0):
 garbage-first heap   total 294912K, used 165055K [0x0000000700000000, 0x0000000800000000)
  region size 2048K, 5 young (10240K), 5 survivors (10240K)
 Metaspace       used 103991K, committed 105024K, reserved 1146880K
  class space    used 14429K, committed 14848K, reserved 1048576K
}
Event: 25.908 GC heap before
{Heap before GC invocations=62 (full 0):
 garbage-first heap   total 307200K, used 226495K [0x0000000700000000, 0x0000000800000000)
  region size 2048K, 35 young (71680K), 5 survivors (10240K)
 Metaspace       used 109535K, committed 110592K, reserved 1146880K
  class space    used 15224K, committed 15680K, reserved 1048576K
}
Event: 25.918 GC heap after
{Heap after GC invocations=63 (full 0):
 garbage-first heap   total 307200K, used 173872K [0x0000000700000000, 0x0000000800000000)
  region size 2048K, 5 young (10240K), 5 survivors (10240K)
 Metaspace       used 109535K, committed 110592K, reserved 1146880K
  class space    used 15224K, committed 15680K, reserved 1048576K
}
Event: 25.958 GC heap before
{Heap before GC invocations=63 (full 0):
 garbage-first heap   total 307200K, used 177968K [0x0000000700000000, 0x0000000800000000)
  region size 2048K, 7 young (14336K), 5 survivors (10240K)
 Metaspace       used 109721K, committed 110784K, reserved 1146880K
  class space    used 15251K, committed 15680K, reserved 1048576K
}
Event: 25.964 GC heap after
{Heap after GC invocations=64 (full 0):
 garbage-first heap   total 307200K, used 175417K [0x0000000700000000, 0x0000000800000000)
  region size 2048K, 1 young (2048K), 1 survivors (2048K)
 Metaspace       used 109721K, committed 110784K, reserved 1146880K
  class space    used 15251K, committed 15680K, reserved 1048576K
}
Event: 26.440 GC heap before
{Heap before GC invocations=64 (full 0):
 garbage-first heap   total 307200K, used 238905K [0x0000000700000000, 0x0000000800000000)
  region size 2048K, 32 young (65536K), 1 survivors (2048K)
 Metaspace       used 111768K, committed 112960K, reserved 1146880K
  class space    used 15498K, committed 16000K, reserved 1048576K
}
Event: 26.451 GC heap after
{Heap after GC invocations=65 (full 0):
 garbage-first heap   total 307200K, used 189377K [0x0000000700000000, 0x0000000800000000)
  region size 2048K, 4 young (8192K), 4 survivors (8192K)
 Metaspace       used 111768K, committed 112960K, reserved 1146880K
  class space    used 15498K, committed 16000K, reserved 1048576K
}
Event: 26.865 GC heap before
{Heap before GC invocations=66 (full 0):
 garbage-first heap   total 346112K, used 242625K [0x0000000700000000, 0x0000000800000000)
  region size 2048K, 30 young (61440K), 4 survivors (8192K)
 Metaspace       used 112541K, committed 113664K, reserved 1155072K
  class space    used 15604K, committed 16064K, reserved 1048576K
}
Event: 26.874 GC heap after
{Heap after GC invocations=67 (full 0):
 garbage-first heap   total 346112K, used 197068K [0x0000000700000000, 0x0000000800000000)
  region size 2048K, 3 young (6144K), 3 survivors (6144K)
 Metaspace       used 112541K, committed 113664K, reserved 1155072K
  class space    used 15604K, committed 16064K, reserved 1048576K
}
Event: 26.898 GC heap before
{Heap before GC invocations=67 (full 0):
 garbage-first heap   total 346112K, used 207308K [0x0000000700000000, 0x0000000800000000)
  region size 2048K, 8 young (16384K), 3 survivors (6144K)
 Metaspace       used 112541K, committed 113664K, reserved 1155072K
  class space    used 15604K, committed 16064K, reserved 1048576K
}
Event: 26.904 GC heap after
{Heap after GC invocations=68 (full 0):
 garbage-first heap   total 684032K, used 197196K [0x0000000700000000, 0x0000000800000000)
  region size 2048K, 1 young (2048K), 1 survivors (2048K)
 Metaspace       used 112541K, committed 113664K, reserved 1155072K
  class space    used 15604K, committed 16064K, reserved 1048576K
}

